============================= test session starts =============================
platform win32 -- Python 3.12.10, pytest-9.1.1, pluggy-1.6.0 -- C:\Users\kanchiDhyana sai\OneDrive\Desktop\Habot\.venv\Scripts\python.exe
cachedir: .pytest_cache
django: version: 5.1.15, settings: habot_project.settings (from ini)
rootdir: C:\Users\kanchiDhyana sai\OneDrive\Desktop\Habot
configfile: pytest.ini
testpaths: app/onboarding/tests
plugins: django-4.14.0
collecting ... collected 25 items

app/onboarding/tests/test_serializer.py::test_01_valid_payload PASSED    [  4%]
app/onboarding/tests/test_serializer.py::test_02_missing_required_field PASSED [  8%]
app/onboarding/tests/test_serializer.py::test_03_invalid_type PASSED     [ 12%]
app/onboarding/tests/test_serializer.py::test_04_invalid_boolean PASSED  [ 16%]
app/onboarding/tests/test_serializer.py::test_05_too_short_value PASSED  [ 20%]
app/onboarding/tests/test_serializer.py::test_06_too_long_value PASSED   [ 24%]
app/onboarding/tests/test_serializer.py::test_07_invalid_email PASSED    [ 28%]
app/onboarding/tests/test_serializer.py::test_08_invalid_enum_value PASSED [ 32%]
app/onboarding/tests/test_serializer.py::test_09_null_value PASSED       [ 36%]
app/onboarding/tests/test_serializer.py::test_10_unknown_field_prohibited PASSED [ 40%]
app/onboarding/tests/test_serializer.py::test_11_invalid_consent PASSED  [ 44%]
app/onboarding/tests/test_serializer.py::test_12_invalid_dcyn_decision_incoherent_support PASSED [ 48%]
app/onboarding/tests/test_serializer.py::test_13_boolean_string_coercion_prohibited PASSED [ 52%]
app/onboarding/tests/test_serializer.py::test_14_boolean_integer_coercion_prohibited PASSED [ 56%]
app/onboarding/tests/test_serializer.py::test_15_string_boolean_coercion_prohibited PASSED [ 60%]
app/onboarding/tests/test_validation.py::test_parental_consent_pass PASSED [ 64%]
app/onboarding/tests/test_validation.py::test_parental_consent_fail[False] PASSED [ 68%]
app/onboarding/tests/test_validation.py::test_parental_consent_fail[None] PASSED [ 72%]
app/onboarding/tests/test_validation.py::test_parental_consent_fail[0] PASSED [ 76%]
app/onboarding/tests/test_validation.py::test_parental_consent_fail[True] PASSED [ 80%]
app/onboarding/tests/test_validation.py::test_support_coherence_valid_cases PASSED [ 84%]
app/onboarding/tests/test_validation.py::test_support_coherence_invalid_cases PASSED [ 88%]
app/onboarding/tests/test_validation.py::test_region_eligibility PASSED  [ 92%]
app/onboarding/tests/test_validation.py::test_name_syntax PASSED         [ 96%]
app/onboarding/tests/test_validation.py::test_schema_version PASSED      [100%]

============================= 25 passed in 0.24s ==============================
